<?xml version="1.0" encoding="UTF-8"?>
<testsuite xmlns:xsi="http://www.w3.org/2001/XMLSchema-instance" xsi:noNamespaceSchemaLocation="https://maven.apache.org/surefire/maven-surefire-plugin/xsd/surefire-test-report.xsd" name="com.example.AppTest" time="0.02" tests="1" errors="0" skipped="0" failures="0">
  <properties>
    <property name="sun.desktop" value="windows"/>
    <property name="awt.toolkit" value="sun.awt.windows.WToolkit"/>
    <property name="file.encoding.pkg" value="sun.io"/>
    <property name="java.specification.version" value="1.8"/>
    <property name="sun.cpu.isalist" value="amd64"/>
    <property name="sun.jnu.encoding" value="GBK"/>
    <property name="java.class.path" value="E:\h3c-demo\hystrix-demo\order-service\target\test-classes;E:\h3c-demo\hystrix-demo\order-service\target\classes;D:\reponsitory_boot\org\springframework\cloud\spring-cloud-starter-netflix-eureka-client\2.1.1.RELEASE\spring-cloud-starter-netflix-eureka-client-2.1.1.RELEASE.jar;D:\reponsitory_boot\org\springframework\cloud\spring-cloud-starter\2.1.1.RELEASE\spring-cloud-starter-2.1.1.RELEASE.jar;D:\reponsitory_boot\org\springframework\cloud\spring-cloud-context\2.1.1.RELEASE\spring-cloud-context-2.1.1.RELEASE.jar;D:\reponsitory_boot\org\springframework\security\spring-security-crypto\5.1.5.RELEASE\spring-security-crypto-5.1.5.RELEASE.jar;D:\reponsitory_boot\org\springframework\cloud\spring-cloud-commons\2.1.1.RELEASE\spring-cloud-commons-2.1.1.RELEASE.jar;D:\reponsitory_boot\org\springframework\security\spring-security-rsa\1.0.7.RELEASE\spring-security-rsa-1.0.7.RELEASE.jar;D:\reponsitory_boot\org\bouncycastle\bcpkix-jdk15on\1.60\bcpkix-jdk15on-1.60.jar;D:\reponsitory_boot\org\bouncycastle\bcprov-jdk15on\1.60\bcprov-jdk15on-1.60.jar;D:\reponsitory_boot\org\springframework\cloud\spring-cloud-netflix-hystrix\2.1.1.RELEASE\spring-cloud-netflix-hystrix-2.1.1.RELEASE.jar;D:\reponsitory_boot\org\springframework\boot\spring-boot-autoconfigure\2.1.5.RELEASE\spring-boot-autoconfigure-2.1.5.RELEASE.jar;D:\reponsitory_boot\org\springframework\boot\spring-boot-starter-aop\2.1.5.RELEASE\spring-boot-starter-aop-2.1.5.RELEASE.jar;D:\reponsitory_boot\org\aspectj\aspectjweaver\1.9.4\aspectjweaver-1.9.4.jar;D:\reponsitory_boot\org\springframework\cloud\spring-cloud-netflix-eureka-client\2.1.1.RELEASE\spring-cloud-netflix-eureka-client-2.1.1.RELEASE.jar;D:\reponsitory_boot\com\netflix\eureka\eureka-client\1.9.8\eureka-client-1.9.8.jar;D:\reponsitory_boot\org\codehaus\jettison\jettison\1.3.7\jettison-1.3.7.jar;D:\reponsitory_boot\stax\stax-api\1.0.1\stax-api-1.0.1.jar;D:\reponsitory_boot\com\netflix\netflix-commons\netflix-eventbus\0.3.0\netflix-eventbus-0.3.0.jar;D:\reponsitory_boot\com\netflix\netflix-commons\netflix-infix\0.3.0\netflix-infix-0.3.0.jar;D:\reponsitory_boot\commons-jxpath\commons-jxpath\1.3\commons-jxpath-1.3.jar;D:\reponsitory_boot\joda-time\joda-time\2.10.2\joda-time-2.10.2.jar;D:\reponsitory_boot\org\antlr\antlr-runtime\3.4\antlr-runtime-3.4.jar;D:\reponsitory_boot\org\antlr\stringtemplate\3.2.1\stringtemplate-3.2.1.jar;D:\reponsitory_boot\antlr\antlr\2.7.7\antlr-2.7.7.jar;D:\reponsitory_boot\com\google\code\gson\gson\2.8.5\gson-2.8.5.jar;D:\reponsitory_boot\org\apache\commons\commons-math\2.2\commons-math-2.2.jar;D:\reponsitory_boot\com\netflix\archaius\archaius-core\0.7.6\archaius-core-0.7.6.jar;D:\reponsitory_boot\com\google\guava\guava\16.0\guava-16.0.jar;D:\reponsitory_boot\javax\ws\rs\jsr311-api\1.1.1\jsr311-api-1.1.1.jar;D:\reponsitory_boot\com\netflix\servo\servo-core\0.12.21\servo-core-0.12.21.jar;D:\reponsitory_boot\com\sun\jersey\jersey-core\1.19.1\jersey-core-1.19.1.jar;D:\reponsitory_boot\com\sun\jersey\jersey-client\1.19.1\jersey-client-1.19.1.jar;D:\reponsitory_boot\com\sun\jersey\contribs\jersey-apache-client4\1.19.1\jersey-apache-client4-1.19.1.jar;D:\reponsitory_boot\org\apache\httpcomponents\httpclient\4.5.8\httpclient-4.5.8.jar;D:\reponsitory_boot\org\apache\httpcomponents\httpcore\4.4.11\httpcore-4.4.11.jar;D:\reponsitory_boot\commons-codec\commons-codec\1.11\commons-codec-1.11.jar;D:\reponsitory_boot\com\google\inject\guice\4.1.0\guice-4.1.0.jar;D:\reponsitory_boot\javax\inject\javax.inject\1\javax.inject-1.jar;D:\reponsitory_boot\aopalliance\aopalliance\1.0\aopalliance-1.0.jar;D:\reponsitory_boot\com\github\vlsi\compactmap\compactmap\1.2.1\compactmap-1.2.1.jar;D:\reponsitory_boot\com\github\andrewoma\dexx\dexx-collections\0.2\dexx-collections-0.2.jar;D:\reponsitory_boot\com\fasterxml\jackson\core\jackson-annotations\2.9.0\jackson-annotations-2.9.0.jar;D:\reponsitory_boot\com\fasterxml\jackson\core\jackson-core\2.9.8\jackson-core-2.9.8.jar;D:\reponsitory_boot\com\fasterxml\jackson\core\jackson-databind\2.9.8\jackson-databind-2.9.8.jar;D:\reponsitory_boot\com\netflix\eureka\eureka-core\1.9.8\eureka-core-1.9.8.jar;D:\reponsitory_boot\org\codehaus\woodstox\woodstox-core-asl\4.4.1\woodstox-core-asl-4.4.1.jar;D:\reponsitory_boot\javax\xml\stream\stax-api\1.0-2\stax-api-1.0-2.jar;D:\reponsitory_boot\org\codehaus\woodstox\stax2-api\3.1.4\stax2-api-3.1.4.jar;D:\reponsitory_boot\org\springframework\cloud\spring-cloud-starter-netflix-archaius\2.1.1.RELEASE\spring-cloud-starter-netflix-archaius-2.1.1.RELEASE.jar;D:\reponsitory_boot\org\springframework\cloud\spring-cloud-netflix-ribbon\2.1.1.RELEASE\spring-cloud-netflix-ribbon-2.1.1.RELEASE.jar;D:\reponsitory_boot\org\springframework\cloud\spring-cloud-netflix-archaius\2.1.1.RELEASE\spring-cloud-netflix-archaius-2.1.1.RELEASE.jar;D:\reponsitory_boot\commons-configuration\commons-configuration\1.8\commons-configuration-1.8.jar;D:\reponsitory_boot\commons-lang\commons-lang\2.6\commons-lang-2.6.jar;D:\reponsitory_boot\org\springframework\cloud\spring-cloud-starter-netflix-ribbon\2.1.1.RELEASE\spring-cloud-starter-netflix-ribbon-2.1.1.RELEASE.jar;D:\reponsitory_boot\com\netflix\ribbon\ribbon\2.3.0\ribbon-2.3.0.jar;D:\reponsitory_boot\com\netflix\ribbon\ribbon-transport\2.3.0\ribbon-transport-2.3.0.jar;D:\reponsitory_boot\io\reactivex\rxnetty-contexts\0.4.9\rxnetty-contexts-0.4.9.jar;D:\reponsitory_boot\io\reactivex\rxnetty-servo\0.4.9\rxnetty-servo-0.4.9.jar;D:\reponsitory_boot\io\reactivex\rxnetty\0.4.9\rxnetty-0.4.9.jar;D:\reponsitory_boot\com\netflix\ribbon\ribbon-core\2.3.0\ribbon-core-2.3.0.jar;D:\reponsitory_boot\com\netflix\ribbon\ribbon-httpclient\2.3.0\ribbon-httpclient-2.3.0.jar;D:\reponsitory_boot\commons-collections\commons-collections\3.2.2\commons-collections-3.2.2.jar;D:\reponsitory_boot\com\netflix\netflix-commons\netflix-commons-util\0.3.0\netflix-commons-util-0.3.0.jar;D:\reponsitory_boot\com\netflix\ribbon\ribbon-loadbalancer\2.3.0\ribbon-loadbalancer-2.3.0.jar;D:\reponsitory_boot\com\netflix\netflix-commons\netflix-statistics\0.1.1\netflix-statistics-0.1.1.jar;D:\reponsitory_boot\io\reactivex\rxjava\1.3.8\rxjava-1.3.8.jar;D:\reponsitory_boot\com\netflix\ribbon\ribbon-eureka\2.3.0\ribbon-eureka-2.3.0.jar;D:\reponsitory_boot\org\slf4j\slf4j-api\1.7.26\slf4j-api-1.7.26.jar;D:\reponsitory_boot\com\thoughtworks\xstream\xstream\1.4.10\xstream-1.4.10.jar;D:\reponsitory_boot\xmlpull\xmlpull\1.1.3.1\xmlpull-1.1.3.1.jar;D:\reponsitory_boot\xpp3\xpp3_min\1.1.4c\xpp3_min-1.1.4c.jar;D:\reponsitory_boot\com\h3c\springcloudsdk\0.2.6.2\springcloudsdk-0.2.6.2.jar;D:\reponsitory_boot\com\h3c\h3c-java-tracing-agent\0.2.8\h3c-java-tracing-agent-0.2.8.jar;D:\reponsitory_boot\io\opentracing\contrib\opentracing-spring-cloud-starter\0.2.6\opentracing-spring-cloud-starter-0.2.6.jar;D:\reponsitory_boot\io\opentracing\contrib\opentracing-spring-cloud-core\0.2.6\opentracing-spring-cloud-core-0.2.6.jar;D:\reponsitory_boot\io\opentracing\contrib\opentracing-concurrent\0.2.1\opentracing-concurrent-0.2.1.jar;D:\reponsitory_boot\io\opentracing\contrib\opentracing-spring-web-starter\1.1.2\opentracing-spring-web-starter-1.1.2.jar;D:\reponsitory_boot\io\opentracing\contrib\opentracing-spring-web\1.1.2\opentracing-spring-web-1.1.2.jar;D:\reponsitory_boot\io\opentracing\contrib\opentracing-web-servlet-filter\0.2.0\opentracing-web-servlet-filter-0.2.0.jar;D:\reponsitory_boot\io\opentracing\contrib\opentracing-spring-messaging-starter\0.1.1\opentracing-spring-messaging-starter-0.1.1.jar;D:\reponsitory_boot\io\opentracing\contrib\opentracing-spring-messaging\0.1.1\opentracing-spring-messaging-0.1.1.jar;D:\reponsitory_boot\io\opentracing\contrib\opentracing-spring-rabbitmq-starter\1.0.1\opentracing-spring-rabbitmq-starter-1.0.1.jar;D:\reponsitory_boot\io\opentracing\contrib\opentracing-spring-rabbitmq\1.0.1\opentracing-spring-rabbitmq-1.0.1.jar;D:\reponsitory_boot\io\opentracing\contrib\opentracing-spring-cloud-jdbc-starter\0.2.6\opentracing-spring-cloud-jdbc-starter-0.2.6.jar;D:\reponsitory_boot\io\opentracing\contrib\opentracing-jdbc\0.0.12\opentracing-jdbc-0.0.12.jar;D:\reponsitory_boot\io\opentracing\contrib\opentracing-spring-cloud-jms-starter\0.2.6\opentracing-spring-cloud-jms-starter-0.2.6.jar;D:\reponsitory_boot\io\opentracing\contrib\opentracing-jms-spring\0.0.10\opentracing-jms-spring-0.0.10.jar;D:\reponsitory_boot\io\opentracing\contrib\opentracing-jms-1\0.0.10\opentracing-jms-1-0.0.10.jar;D:\reponsitory_boot\io\opentracing\contrib\opentracing-jms-common\0.0.10\opentracing-jms-common-0.0.10.jar;D:\reponsitory_boot\io\opentracing\contrib\opentracing-spring-cloud-feign-starter\0.2.6\opentracing-spring-cloud-feign-starter-0.2.6.jar;D:\reponsitory_boot\io\github\openfeign\opentracing\feign-opentracing\0.1.0\feign-opentracing-0.1.0.jar;D:\reponsitory_boot\io\github\openfeign\opentracing\feign-hystrix-opentracing\0.1.0\feign-hystrix-opentracing-0.1.0.jar;D:\reponsitory_boot\io\opentracing\contrib\opentracing-spring-cloud-hystrix-starter\0.2.6\opentracing-spring-cloud-hystrix-starter-0.2.6.jar;D:\reponsitory_boot\io\opentracing\contrib\opentracing-spring-cloud-reactor-starter\0.2.6\opentracing-spring-cloud-reactor-starter-0.2.6.jar;D:\reponsitory_boot\io\opentracing\contrib\opentracing-reactor\0.0.2\opentracing-reactor-0.0.2.jar;D:\reponsitory_boot\io\opentracing\contrib\opentracing-spring-cloud-rxjava-starter\0.2.6\opentracing-spring-cloud-rxjava-starter-0.2.6.jar;D:\reponsitory_boot\io\opentracing\contrib\opentracing-rxjava-1\0.0.9\opentracing-rxjava-1-0.0.9.jar;D:\reponsitory_boot\io\opentracing\contrib\opentracing-spring-cloud-redis-starter\0.2.6\opentracing-spring-cloud-redis-starter-0.2.6.jar;D:\reponsitory_boot\io\opentracing\contrib\opentracing-redis-spring\0.0.10\opentracing-redis-spring-0.0.10.jar;D:\reponsitory_boot\io\opentracing\contrib\opentracing-spring-cloud-mongo-starter\0.2.6\opentracing-spring-cloud-mongo-starter-0.2.6.jar;D:\reponsitory_boot\io\opentracing\contrib\opentracing-mongo-driver\0.0.6\opentracing-mongo-driver-0.0.6.jar;D:\reponsitory_boot\io\opentracing\contrib\opentracing-spring-cloud-websocket-starter\0.2.6\opentracing-spring-cloud-websocket-starter-0.2.6.jar;D:\reponsitory_boot\io\opentracing\contrib\opentracing-spring-cloud-zuul-starter\0.2.6\opentracing-spring-cloud-zuul-starter-0.2.6.jar;D:\reponsitory_boot\io\opentracing\opentracing-api\0.31.0\opentracing-api-0.31.0.jar;D:\reponsitory_boot\io\jaegertracing\jaeger-client\0.32.0\jaeger-client-0.32.0.jar;D:\reponsitory_boot\io\jaegertracing\jaeger-thrift\0.32.0\jaeger-thrift-0.32.0.jar;D:\reponsitory_boot\org\apache\thrift\libthrift\0.11.0\libthrift-0.11.0.jar;D:\reponsitory_boot\com\squareup\okhttp3\okhttp\3.8.1\okhttp-3.8.1.jar;D:\reponsitory_boot\com\squareup\okio\okio\1.13.0\okio-1.13.0.jar;D:\reponsitory_boot\io\jaegertracing\jaeger-core\0.32.0\jaeger-core-0.32.0.jar;D:\reponsitory_boot\io\jaegertracing\jaeger-tracerresolver\0.32.0\jaeger-tracerresolver-0.32.0.jar;D:\reponsitory_boot\io\opentracing\contrib\opentracing-spring-tracer-configuration-starter\0.2.0\opentracing-spring-tracer-configuration-starter-0.2.0.jar;D:\reponsitory_boot\io\opentracing\opentracing-noop\0.32.0\opentracing-noop-0.32.0.jar;D:\reponsitory_boot\io\opentracing\opentracing-util\0.32.0\opentracing-util-0.32.0.jar;D:\reponsitory_boot\io\opentracing\contrib\opentracing-tracerresolver\0.1.6\opentracing-tracerresolver-0.1.6.jar;D:\reponsitory_boot\org\springframework\boot\spring-boot-starter-actuator\2.1.5.RELEASE\spring-boot-starter-actuator-2.1.5.RELEASE.jar;D:\reponsitory_boot\org\springframework\boot\spring-boot-actuator-autoconfigure\2.1.5.RELEASE\spring-boot-actuator-autoconfigure-2.1.5.RELEASE.jar;D:\reponsitory_boot\org\springframework\boot\spring-boot-actuator\2.1.5.RELEASE\spring-boot-actuator-2.1.5.RELEASE.jar;D:\reponsitory_boot\io\micrometer\micrometer-core\1.1.4\micrometer-core-1.1.4.jar;D:\reponsitory_boot\org\hdrhistogram\HdrHistogram\2.1.9\HdrHistogram-2.1.9.jar;D:\reponsitory_boot\org\latencyutils\LatencyUtils\2.0.3\LatencyUtils-2.0.3.jar;D:\reponsitory_boot\io\micrometer\micrometer-registry-prometheus\1.1.4\micrometer-registry-prometheus-1.1.4.jar;D:\reponsitory_boot\io\prometheus\simpleclient_common\0.5.0\simpleclient_common-0.5.0.jar;D:\reponsitory_boot\io\prometheus\simpleclient\0.5.0\simpleclient-0.5.0.jar;D:\reponsitory_boot\org\springframework\cloud\spring-cloud-starter-netflix-hystrix\2.1.1.RELEASE\spring-cloud-starter-netflix-hystrix-2.1.1.RELEASE.jar;D:\reponsitory_boot\com\netflix\hystrix\hystrix-core\1.5.18\hystrix-core-1.5.18.jar;D:\reponsitory_boot\com\netflix\hystrix\hystrix-serialization\1.5.18\hystrix-serialization-1.5.18.jar;D:\reponsitory_boot\com\fasterxml\jackson\module\jackson-module-afterburner\2.9.8\jackson-module-afterburner-2.9.8.jar;D:\reponsitory_boot\com\netflix\hystrix\hystrix-metrics-event-stream\1.5.18\hystrix-metrics-event-stream-1.5.18.jar;D:\reponsitory_boot\com\netflix\hystrix\hystrix-javanica\1.5.18\hystrix-javanica-1.5.18.jar;D:\reponsitory_boot\org\apache\commons\commons-lang3\3.8.1\commons-lang3-3.8.1.jar;D:\reponsitory_boot\org\ow2\asm\asm\5.0.4\asm-5.0.4.jar;D:\reponsitory_boot\io\reactivex\rxjava-reactive-streams\1.2.1\rxjava-reactive-streams-1.2.1.jar;D:\reponsitory_boot\org\reactivestreams\reactive-streams\1.0.2\reactive-streams-1.0.2.jar;D:\reponsitory_boot\org\springframework\cloud\spring-cloud-starter-openfeign\2.1.1.RELEASE\spring-cloud-starter-openfeign-2.1.1.RELEASE.jar;D:\reponsitory_boot\org\springframework\cloud\spring-cloud-openfeign-core\2.1.1.RELEASE\spring-cloud-openfeign-core-2.1.1.RELEASE.jar;D:\reponsitory_boot\io\github\openfeign\form\feign-form-spring\3.5.0\feign-form-spring-3.5.0.jar;D:\reponsitory_boot\io\github\openfeign\form\feign-form\3.5.0\feign-form-3.5.0.jar;D:\reponsitory_boot\commons-fileupload\commons-fileupload\1.3.3\commons-fileupload-1.3.3.jar;D:\reponsitory_boot\commons-io\commons-io\2.2\commons-io-2.2.jar;D:\reponsitory_boot\io\github\openfeign\feign-core\10.1.0\feign-core-10.1.0.jar;D:\reponsitory_boot\io\github\openfeign\feign-slf4j\10.1.0\feign-slf4j-10.1.0.jar;D:\reponsitory_boot\io\github\openfeign\feign-hystrix\10.1.0\feign-hystrix-10.1.0.jar;D:\reponsitory_boot\org\springframework\cloud\spring-cloud-starter-config\2.1.1.RELEASE\spring-cloud-starter-config-2.1.1.RELEASE.jar;D:\reponsitory_boot\org\springframework\cloud\spring-cloud-config-client\2.1.1.RELEASE\spring-cloud-config-client-2.1.1.RELEASE.jar;D:\reponsitory_boot\org\springframework\boot\spring-boot-starter-web\2.1.5.RELEASE\spring-boot-starter-web-2.1.5.RELEASE.jar;D:\reponsitory_boot\org\springframework\boot\spring-boot-starter\2.1.5.RELEASE\spring-boot-starter-2.1.5.RELEASE.jar;D:\reponsitory_boot\org\springframework\boot\spring-boot\2.1.5.RELEASE\spring-boot-2.1.5.RELEASE.jar;D:\reponsitory_boot\org\springframework\boot\spring-boot-starter-logging\2.1.5.RELEASE\spring-boot-starter-logging-2.1.5.RELEASE.jar;D:\reponsitory_boot\ch\qos\logback\logback-classic\1.2.3\logback-classic-1.2.3.jar;D:\reponsitory_boot\ch\qos\logback\logback-core\1.2.3\logback-core-1.2.3.jar;D:\reponsitory_boot\org\apache\logging\log4j\log4j-to-slf4j\2.11.2\log4j-to-slf4j-2.11.2.jar;D:\reponsitory_boot\org\apache\logging\log4j\log4j-api\2.11.2\log4j-api-2.11.2.jar;D:\reponsitory_boot\org\slf4j\jul-to-slf4j\1.7.26\jul-to-slf4j-1.7.26.jar;D:\reponsitory_boot\javax\annotation\javax.annotation-api\1.3.2\javax.annotation-api-1.3.2.jar;D:\reponsitory_boot\org\yaml\snakeyaml\1.23\snakeyaml-1.23.jar;D:\reponsitory_boot\org\springframework\boot\spring-boot-starter-json\2.1.5.RELEASE\spring-boot-starter-json-2.1.5.RELEASE.jar;D:\reponsitory_boot\com\fasterxml\jackson\datatype\jackson-datatype-jdk8\2.9.8\jackson-datatype-jdk8-2.9.8.jar;D:\reponsitory_boot\com\fasterxml\jackson\datatype\jackson-datatype-jsr310\2.9.8\jackson-datatype-jsr310-2.9.8.jar;D:\reponsitory_boot\com\fasterxml\jackson\module\jackson-module-parameter-names\2.9.8\jackson-module-parameter-names-2.9.8.jar;D:\reponsitory_boot\org\springframework\boot\spring-boot-starter-tomcat\2.1.5.RELEASE\spring-boot-starter-tomcat-2.1.5.RELEASE.jar;D:\reponsitory_boot\org\apache\tomcat\embed\tomcat-embed-core\9.0.19\tomcat-embed-core-9.0.19.jar;D:\reponsitory_boot\org\apache\tomcat\embed\tomcat-embed-el\9.0.19\tomcat-embed-el-9.0.19.jar;D:\reponsitory_boot\org\apache\tomcat\embed\tomcat-embed-websocket\9.0.19\tomcat-embed-websocket-9.0.19.jar;D:\reponsitory_boot\org\hibernate\validator\hibernate-validator\6.0.16.Final\hibernate-validator-6.0.16.Final.jar;D:\reponsitory_boot\javax\validation\validation-api\2.0.1.Final\validation-api-2.0.1.Final.jar;D:\reponsitory_boot\org\jboss\logging\jboss-logging\3.3.2.Final\jboss-logging-3.3.2.Final.jar;D:\reponsitory_boot\com\fasterxml\classmate\1.4.0\classmate-1.4.0.jar;D:\reponsitory_boot\org\springframework\spring-web\5.1.7.RELEASE\spring-web-5.1.7.RELEASE.jar;D:\reponsitory_boot\org\springframework\spring-beans\5.1.7.RELEASE\spring-beans-5.1.7.RELEASE.jar;D:\reponsitory_boot\org\springframework\spring-webmvc\5.1.7.RELEASE\spring-webmvc-5.1.7.RELEASE.jar;D:\reponsitory_boot\org\springframework\spring-aop\5.1.7.RELEASE\spring-aop-5.1.7.RELEASE.jar;D:\reponsitory_boot\org\springframework\spring-context\5.1.7.RELEASE\spring-context-5.1.7.RELEASE.jar;D:\reponsitory_boot\org\springframework\spring-expression\5.1.7.RELEASE\spring-expression-5.1.7.RELEASE.jar;D:\reponsitory_boot\org\projectlombok\lombok\1.18.8\lombok-1.18.8.jar;D:\reponsitory_boot\org\springframework\boot\spring-boot-starter-test\2.1.5.RELEASE\spring-boot-starter-test-2.1.5.RELEASE.jar;D:\reponsitory_boot\org\springframework\boot\spring-boot-test\2.1.5.RELEASE\spring-boot-test-2.1.5.RELEASE.jar;D:\reponsitory_boot\org\springframework\boot\spring-boot-test-autoconfigure\2.1.5.RELEASE\spring-boot-test-autoconfigure-2.1.5.RELEASE.jar;D:\reponsitory_boot\com\jayway\jsonpath\json-path\2.4.0\json-path-2.4.0.jar;D:\reponsitory_boot\net\minidev\json-smart\2.3\json-smart-2.3.jar;D:\reponsitory_boot\net\minidev\accessors-smart\1.2\accessors-smart-1.2.jar;D:\reponsitory_boot\org\assertj\assertj-core\3.11.1\assertj-core-3.11.1.jar;D:\reponsitory_boot\org\mockito\mockito-core\2.23.4\mockito-core-2.23.4.jar;D:\reponsitory_boot\net\bytebuddy\byte-buddy\1.9.12\byte-buddy-1.9.12.jar;D:\reponsitory_boot\net\bytebuddy\byte-buddy-agent\1.9.12\byte-buddy-agent-1.9.12.jar;D:\reponsitory_boot\org\objenesis\objenesis\2.6\objenesis-2.6.jar;D:\reponsitory_boot\org\hamcrest\hamcrest-core\1.3\hamcrest-core-1.3.jar;D:\reponsitory_boot\org\hamcrest\hamcrest-library\1.3\hamcrest-library-1.3.jar;D:\reponsitory_boot\org\skyscreamer\jsonassert\1.5.0\jsonassert-1.5.0.jar;D:\reponsitory_boot\com\vaadin\external\google\android-json\0.0.20131108.vaadin1\android-json-0.0.20131108.vaadin1.jar;D:\reponsitory_boot\org\springframework\spring-core\5.1.7.RELEASE\spring-core-5.1.7.RELEASE.jar;D:\reponsitory_boot\org\springframework\spring-jcl\5.1.7.RELEASE\spring-jcl-5.1.7.RELEASE.jar;D:\reponsitory_boot\org\springframework\spring-test\5.1.7.RELEASE\spring-test-5.1.7.RELEASE.jar;D:\reponsitory_boot\org\xmlunit\xmlunit-core\2.6.2\xmlunit-core-2.6.2.jar;D:\reponsitory_boot\junit\junit\4.11\junit-4.11.jar;"/>
    <property name="java.vm.vendor" value="Oracle Corporation"/>
    <property name="sun.arch.data.model" value="64"/>
    <property name="user.variant" value=""/>
    <property name="java.vendor.url" value="http://java.oracle.com/"/>
    <property name="user.timezone" value="Asia/Shanghai"/>
    <property name="java.vm.specification.version" value="1.8"/>
    <property name="os.name" value="Windows 10"/>
    <property name="user.country" value="CN"/>
    <property name="sun.java.launcher" value="SUN_STANDARD"/>
    <property name="sun.boot.library.path" value="C:\Program Files\Java\jdk1.8.0_281\jre\bin"/>
    <property name="sun.java.command" value="C:\Users\zkcus\AppData\Local\Temp\surefire5630361278394181596\surefirebooter58070723965962067.jar C:\Users\zkcus\AppData\Local\Temp\surefire5630361278394181596 2021-11-15T18-01-48_328-jvmRun1 surefire8775730133280998540tmp surefire_02010882844943398566tmp"/>
    <property name="surefire.test.class.path" value="E:\h3c-demo\hystrix-demo\order-service\target\test-classes;E:\h3c-demo\hystrix-demo\order-service\target\classes;D:\reponsitory_boot\org\springframework\cloud\spring-cloud-starter-netflix-eureka-client\2.1.1.RELEASE\spring-cloud-starter-netflix-eureka-client-2.1.1.RELEASE.jar;D:\reponsitory_boot\org\springframework\cloud\spring-cloud-starter\2.1.1.RELEASE\spring-cloud-starter-2.1.1.RELEASE.jar;D:\reponsitory_boot\org\springframework\cloud\spring-cloud-context\2.1.1.RELEASE\spring-cloud-context-2.1.1.RELEASE.jar;D:\reponsitory_boot\org\springframework\security\spring-security-crypto\5.1.5.RELEASE\spring-security-crypto-5.1.5.RELEASE.jar;D:\reponsitory_boot\org\springframework\cloud\spring-cloud-commons\2.1.1.RELEASE\spring-cloud-commons-2.1.1.RELEASE.jar;D:\reponsitory_boot\org\springframework\security\spring-security-rsa\1.0.7.RELEASE\spring-security-rsa-1.0.7.RELEASE.jar;D:\reponsitory_boot\org\bouncycastle\bcpkix-jdk15on\1.60\bcpkix-jdk15on-1.60.jar;D:\reponsitory_boot\org\bouncycastle\bcprov-jdk15on\1.60\bcprov-jdk15on-1.60.jar;D:\reponsitory_boot\org\springframework\cloud\spring-cloud-netflix-hystrix\2.1.1.RELEASE\spring-cloud-netflix-hystrix-2.1.1.RELEASE.jar;D:\reponsitory_boot\org\springframework\boot\spring-boot-autoconfigure\2.1.5.RELEASE\spring-boot-autoconfigure-2.1.5.RELEASE.jar;D:\reponsitory_boot\org\springframework\boot\spring-boot-starter-aop\2.1.5.RELEASE\spring-boot-starter-aop-2.1.5.RELEASE.jar;D:\reponsitory_boot\org\aspectj\aspectjweaver\1.9.4\aspectjweaver-1.9.4.jar;D:\reponsitory_boot\org\springframework\cloud\spring-cloud-netflix-eureka-client\2.1.1.RELEASE\spring-cloud-netflix-eureka-client-2.1.1.RELEASE.jar;D:\reponsitory_boot\com\netflix\eureka\eureka-client\1.9.8\eureka-client-1.9.8.jar;D:\reponsitory_boot\org\codehaus\jettison\jettison\1.3.7\jettison-1.3.7.jar;D:\reponsitory_boot\stax\stax-api\1.0.1\stax-api-1.0.1.jar;D:\reponsitory_boot\com\netflix\netflix-commons\netflix-eventbus\0.3.0\netflix-eventbus-0.3.0.jar;D:\reponsitory_boot\com\netflix\netflix-commons\netflix-infix\0.3.0\netflix-infix-0.3.0.jar;D:\reponsitory_boot\commons-jxpath\commons-jxpath\1.3\commons-jxpath-1.3.jar;D:\reponsitory_boot\joda-time\joda-time\2.10.2\joda-time-2.10.2.jar;D:\reponsitory_boot\org\antlr\antlr-runtime\3.4\antlr-runtime-3.4.jar;D:\reponsitory_boot\org\antlr\stringtemplate\3.2.1\stringtemplate-3.2.1.jar;D:\reponsitory_boot\antlr\antlr\2.7.7\antlr-2.7.7.jar;D:\reponsitory_boot\com\google\code\gson\gson\2.8.5\gson-2.8.5.jar;D:\reponsitory_boot\org\apache\commons\commons-math\2.2\commons-math-2.2.jar;D:\reponsitory_boot\com\netflix\archaius\archaius-core\0.7.6\archaius-core-0.7.6.jar;D:\reponsitory_boot\com\google\guava\guava\16.0\guava-16.0.jar;D:\reponsitory_boot\javax\ws\rs\jsr311-api\1.1.1\jsr311-api-1.1.1.jar;D:\reponsitory_boot\com\netflix\servo\servo-core\0.12.21\servo-core-0.12.21.jar;D:\reponsitory_boot\com\sun\jersey\jersey-core\1.19.1\jersey-core-1.19.1.jar;D:\reponsitory_boot\com\sun\jersey\jersey-client\1.19.1\jersey-client-1.19.1.jar;D:\reponsitory_boot\com\sun\jersey\contribs\jersey-apache-client4\1.19.1\jersey-apache-client4-1.19.1.jar;D:\reponsitory_boot\org\apache\httpcomponents\httpclient\4.5.8\httpclient-4.5.8.jar;D:\reponsitory_boot\org\apache\httpcomponents\httpcore\4.4.11\httpcore-4.4.11.jar;D:\reponsitory_boot\commons-codec\commons-codec\1.11\commons-codec-1.11.jar;D:\reponsitory_boot\com\google\inject\guice\4.1.0\guice-4.1.0.jar;D:\reponsitory_boot\javax\inject\javax.inject\1\javax.inject-1.jar;D:\reponsitory_boot\aopalliance\aopalliance\1.0\aopalliance-1.0.jar;D:\reponsitory_boot\com\github\vlsi\compactmap\compactmap\1.2.1\compactmap-1.2.1.jar;D:\reponsitory_boot\com\github\andrewoma\dexx\dexx-collections\0.2\dexx-collections-0.2.jar;D:\reponsitory_boot\com\fasterxml\jackson\core\jackson-annotations\2.9.0\jackson-annotations-2.9.0.jar;D:\reponsitory_boot\com\fasterxml\jackson\core\jackson-core\2.9.8\jackson-core-2.9.8.jar;D:\reponsitory_boot\com\fasterxml\jackson\core\jackson-databind\2.9.8\jackson-databind-2.9.8.jar;D:\reponsitory_boot\com\netflix\eureka\eureka-core\1.9.8\eureka-core-1.9.8.jar;D:\reponsitory_boot\org\codehaus\woodstox\woodstox-core-asl\4.4.1\woodstox-core-asl-4.4.1.jar;D:\reponsitory_boot\javax\xml\stream\stax-api\1.0-2\stax-api-1.0-2.jar;D:\reponsitory_boot\org\codehaus\woodstox\stax2-api\3.1.4\stax2-api-3.1.4.jar;D:\reponsitory_boot\org\springframework\cloud\spring-cloud-starter-netflix-archaius\2.1.1.RELEASE\spring-cloud-starter-netflix-archaius-2.1.1.RELEASE.jar;D:\reponsitory_boot\org\springframework\cloud\spring-cloud-netflix-ribbon\2.1.1.RELEASE\spring-cloud-netflix-ribbon-2.1.1.RELEASE.jar;D:\reponsitory_boot\org\springframework\cloud\spring-cloud-netflix-archaius\2.1.1.RELEASE\spring-cloud-netflix-archaius-2.1.1.RELEASE.jar;D:\reponsitory_boot\commons-configuration\commons-configuration\1.8\commons-configuration-1.8.jar;D:\reponsitory_boot\commons-lang\commons-lang\2.6\commons-lang-2.6.jar;D:\reponsitory_boot\org\springframework\cloud\spring-cloud-starter-netflix-ribbon\2.1.1.RELEASE\spring-cloud-starter-netflix-ribbon-2.1.1.RELEASE.jar;D:\reponsitory_boot\com\netflix\ribbon\ribbon\2.3.0\ribbon-2.3.0.jar;D:\reponsitory_boot\com\netflix\ribbon\ribbon-transport\2.3.0\ribbon-transport-2.3.0.jar;D:\reponsitory_boot\io\reactivex\rxnetty-contexts\0.4.9\rxnetty-contexts-0.4.9.jar;D:\reponsitory_boot\io\reactivex\rxnetty-servo\0.4.9\rxnetty-servo-0.4.9.jar;D:\reponsitory_boot\io\reactivex\rxnetty\0.4.9\rxnetty-0.4.9.jar;D:\reponsitory_boot\com\netflix\ribbon\ribbon-core\2.3.0\ribbon-core-2.3.0.jar;D:\reponsitory_boot\com\netflix\ribbon\ribbon-httpclient\2.3.0\ribbon-httpclient-2.3.0.jar;D:\reponsitory_boot\commons-collections\commons-collections\3.2.2\commons-collections-3.2.2.jar;D:\reponsitory_boot\com\netflix\netflix-commons\netflix-commons-util\0.3.0\netflix-commons-util-0.3.0.jar;D:\reponsitory_boot\com\netflix\ribbon\ribbon-loadbalancer\2.3.0\ribbon-loadbalancer-2.3.0.jar;D:\reponsitory_boot\com\netflix\netflix-commons\netflix-statistics\0.1.1\netflix-statistics-0.1.1.jar;D:\reponsitory_boot\io\reactivex\rxjava\1.3.8\rxjava-1.3.8.jar;D:\reponsitory_boot\com\netflix\ribbon\ribbon-eureka\2.3.0\ribbon-eureka-2.3.0.jar;D:\reponsitory_boot\org\slf4j\slf4j-api\1.7.26\slf4j-api-1.7.26.jar;D:\reponsitory_boot\com\thoughtworks\xstream\xstream\1.4.10\xstream-1.4.10.jar;D:\reponsitory_boot\xmlpull\xmlpull\1.1.3.1\xmlpull-1.1.3.1.jar;D:\reponsitory_boot\xpp3\xpp3_min\1.1.4c\xpp3_min-1.1.4c.jar;D:\reponsitory_boot\com\h3c\springcloudsdk\0.2.6.2\springcloudsdk-0.2.6.2.jar;D:\reponsitory_boot\com\h3c\h3c-java-tracing-agent\0.2.8\h3c-java-tracing-agent-0.2.8.jar;D:\reponsitory_boot\io\opentracing\contrib\opentracing-spring-cloud-starter\0.2.6\opentracing-spring-cloud-starter-0.2.6.jar;D:\reponsitory_boot\io\opentracing\contrib\opentracing-spring-cloud-core\0.2.6\opentracing-spring-cloud-core-0.2.6.jar;D:\reponsitory_boot\io\opentracing\contrib\opentracing-concurrent\0.2.1\opentracing-concurrent-0.2.1.jar;D:\reponsitory_boot\io\opentracing\contrib\opentracing-spring-web-starter\1.1.2\opentracing-spring-web-starter-1.1.2.jar;D:\reponsitory_boot\io\opentracing\contrib\opentracing-spring-web\1.1.2\opentracing-spring-web-1.1.2.jar;D:\reponsitory_boot\io\opentracing\contrib\opentracing-web-servlet-filter\0.2.0\opentracing-web-servlet-filter-0.2.0.jar;D:\reponsitory_boot\io\opentracing\contrib\opentracing-spring-messaging-starter\0.1.1\opentracing-spring-messaging-starter-0.1.1.jar;D:\reponsitory_boot\io\opentracing\contrib\opentracing-spring-messaging\0.1.1\opentracing-spring-messaging-0.1.1.jar;D:\reponsitory_boot\io\opentracing\contrib\opentracing-spring-rabbitmq-starter\1.0.1\opentracing-spring-rabbitmq-starter-1.0.1.jar;D:\reponsitory_boot\io\opentracing\contrib\opentracing-spring-rabbitmq\1.0.1\opentracing-spring-rabbitmq-1.0.1.jar;D:\reponsitory_boot\io\opentracing\contrib\opentracing-spring-cloud-jdbc-starter\0.2.6\opentracing-spring-cloud-jdbc-starter-0.2.6.jar;D:\reponsitory_boot\io\opentracing\contrib\opentracing-jdbc\0.0.12\opentracing-jdbc-0.0.12.jar;D:\reponsitory_boot\io\opentracing\contrib\opentracing-spring-cloud-jms-starter\0.2.6\opentracing-spring-cloud-jms-starter-0.2.6.jar;D:\reponsitory_boot\io\opentracing\contrib\opentracing-jms-spring\0.0.10\opentracing-jms-spring-0.0.10.jar;D:\reponsitory_boot\io\opentracing\contrib\opentracing-jms-1\0.0.10\opentracing-jms-1-0.0.10.jar;D:\reponsitory_boot\io\opentracing\contrib\opentracing-jms-common\0.0.10\opentracing-jms-common-0.0.10.jar;D:\reponsitory_boot\io\opentracing\contrib\opentracing-spring-cloud-feign-starter\0.2.6\opentracing-spring-cloud-feign-starter-0.2.6.jar;D:\reponsitory_boot\io\github\openfeign\opentracing\feign-opentracing\0.1.0\feign-opentracing-0.1.0.jar;D:\reponsitory_boot\io\github\openfeign\opentracing\feign-hystrix-opentracing\0.1.0\feign-hystrix-opentracing-0.1.0.jar;D:\reponsitory_boot\io\opentracing\contrib\opentracing-spring-cloud-hystrix-starter\0.2.6\opentracing-spring-cloud-hystrix-starter-0.2.6.jar;D:\reponsitory_boot\io\opentracing\contrib\opentracing-spring-cloud-reactor-starter\0.2.6\opentracing-spring-cloud-reactor-starter-0.2.6.jar;D:\reponsitory_boot\io\opentracing\contrib\opentracing-reactor\0.0.2\opentracing-reactor-0.0.2.jar;D:\reponsitory_boot\io\opentracing\contrib\opentracing-spring-cloud-rxjava-starter\0.2.6\opentracing-spring-cloud-rxjava-starter-0.2.6.jar;D:\reponsitory_boot\io\opentracing\contrib\opentracing-rxjava-1\0.0.9\opentracing-rxjava-1-0.0.9.jar;D:\reponsitory_boot\io\opentracing\contrib\opentracing-spring-cloud-redis-starter\0.2.6\opentracing-spring-cloud-redis-starter-0.2.6.jar;D:\reponsitory_boot\io\opentracing\contrib\opentracing-redis-spring\0.0.10\opentracing-redis-spring-0.0.10.jar;D:\reponsitory_boot\io\opentracing\contrib\opentracing-spring-cloud-mongo-starter\0.2.6\opentracing-spring-cloud-mongo-starter-0.2.6.jar;D:\reponsitory_boot\io\opentracing\contrib\opentracing-mongo-driver\0.0.6\opentracing-mongo-driver-0.0.6.jar;D:\reponsitory_boot\io\opentracing\contrib\opentracing-spring-cloud-websocket-starter\0.2.6\opentracing-spring-cloud-websocket-starter-0.2.6.jar;D:\reponsitory_boot\io\opentracing\contrib\opentracing-spring-cloud-zuul-starter\0.2.6\opentracing-spring-cloud-zuul-starter-0.2.6.jar;D:\reponsitory_boot\io\opentracing\opentracing-api\0.31.0\opentracing-api-0.31.0.jar;D:\reponsitory_boot\io\jaegertracing\jaeger-client\0.32.0\jaeger-client-0.32.0.jar;D:\reponsitory_boot\io\jaegertracing\jaeger-thrift\0.32.0\jaeger-thrift-0.32.0.jar;D:\reponsitory_boot\org\apache\thrift\libthrift\0.11.0\libthrift-0.11.0.jar;D:\reponsitory_boot\com\squareup\okhttp3\okhttp\3.8.1\okhttp-3.8.1.jar;D:\reponsitory_boot\com\squareup\okio\okio\1.13.0\okio-1.13.0.jar;D:\reponsitory_boot\io\jaegertracing\jaeger-core\0.32.0\jaeger-core-0.32.0.jar;D:\reponsitory_boot\io\jaegertracing\jaeger-tracerresolver\0.32.0\jaeger-tracerresolver-0.32.0.jar;D:\reponsitory_boot\io\opentracing\contrib\opentracing-spring-tracer-configuration-starter\0.2.0\opentracing-spring-tracer-configuration-starter-0.2.0.jar;D:\reponsitory_boot\io\opentracing\opentracing-noop\0.32.0\opentracing-noop-0.32.0.jar;D:\reponsitory_boot\io\opentracing\opentracing-util\0.32.0\opentracing-util-0.32.0.jar;D:\reponsitory_boot\io\opentracing\contrib\opentracing-tracerresolver\0.1.6\opentracing-tracerresolver-0.1.6.jar;D:\reponsitory_boot\org\springframework\boot\spring-boot-starter-actuator\2.1.5.RELEASE\spring-boot-starter-actuator-2.1.5.RELEASE.jar;D:\reponsitory_boot\org\springframework\boot\spring-boot-actuator-autoconfigure\2.1.5.RELEASE\spring-boot-actuator-autoconfigure-2.1.5.RELEASE.jar;D:\reponsitory_boot\org\springframework\boot\spring-boot-actuator\2.1.5.RELEASE\spring-boot-actuator-2.1.5.RELEASE.jar;D:\reponsitory_boot\io\micrometer\micrometer-core\1.1.4\micrometer-core-1.1.4.jar;D:\reponsitory_boot\org\hdrhistogram\HdrHistogram\2.1.9\HdrHistogram-2.1.9.jar;D:\reponsitory_boot\org\latencyutils\LatencyUtils\2.0.3\LatencyUtils-2.0.3.jar;D:\reponsitory_boot\io\micrometer\micrometer-registry-prometheus\1.1.4\micrometer-registry-prometheus-1.1.4.jar;D:\reponsitory_boot\io\prometheus\simpleclient_common\0.5.0\simpleclient_common-0.5.0.jar;D:\reponsitory_boot\io\prometheus\simpleclient\0.5.0\simpleclient-0.5.0.jar;D:\reponsitory_boot\org\springframework\cloud\spring-cloud-starter-netflix-hystrix\2.1.1.RELEASE\spring-cloud-starter-netflix-hystrix-2.1.1.RELEASE.jar;D:\reponsitory_boot\com\netflix\hystrix\hystrix-core\1.5.18\hystrix-core-1.5.18.jar;D:\reponsitory_boot\com\netflix\hystrix\hystrix-serialization\1.5.18\hystrix-serialization-1.5.18.jar;D:\reponsitory_boot\com\fasterxml\jackson\module\jackson-module-afterburner\2.9.8\jackson-module-afterburner-2.9.8.jar;D:\reponsitory_boot\com\netflix\hystrix\hystrix-metrics-event-stream\1.5.18\hystrix-metrics-event-stream-1.5.18.jar;D:\reponsitory_boot\com\netflix\hystrix\hystrix-javanica\1.5.18\hystrix-javanica-1.5.18.jar;D:\reponsitory_boot\org\apache\commons\commons-lang3\3.8.1\commons-lang3-3.8.1.jar;D:\reponsitory_boot\org\ow2\asm\asm\5.0.4\asm-5.0.4.jar;D:\reponsitory_boot\io\reactivex\rxjava-reactive-streams\1.2.1\rxjava-reactive-streams-1.2.1.jar;D:\reponsitory_boot\org\reactivestreams\reactive-streams\1.0.2\reactive-streams-1.0.2.jar;D:\reponsitory_boot\org\springframework\cloud\spring-cloud-starter-openfeign\2.1.1.RELEASE\spring-cloud-starter-openfeign-2.1.1.RELEASE.jar;D:\reponsitory_boot\org\springframework\cloud\spring-cloud-openfeign-core\2.1.1.RELEASE\spring-cloud-openfeign-core-2.1.1.RELEASE.jar;D:\reponsitory_boot\io\github\openfeign\form\feign-form-spring\3.5.0\feign-form-spring-3.5.0.jar;D:\reponsitory_boot\io\github\openfeign\form\feign-form\3.5.0\feign-form-3.5.0.jar;D:\reponsitory_boot\commons-fileupload\commons-fileupload\1.3.3\commons-fileupload-1.3.3.jar;D:\reponsitory_boot\commons-io\commons-io\2.2\commons-io-2.2.jar;D:\reponsitory_boot\io\github\openfeign\feign-core\10.1.0\feign-core-10.1.0.jar;D:\reponsitory_boot\io\github\openfeign\feign-slf4j\10.1.0\feign-slf4j-10.1.0.jar;D:\reponsitory_boot\io\github\openfeign\feign-hystrix\10.1.0\feign-hystrix-10.1.0.jar;D:\reponsitory_boot\org\springframework\cloud\spring-cloud-starter-config\2.1.1.RELEASE\spring-cloud-starter-config-2.1.1.RELEASE.jar;D:\reponsitory_boot\org\springframework\cloud\spring-cloud-config-client\2.1.1.RELEASE\spring-cloud-config-client-2.1.1.RELEASE.jar;D:\reponsitory_boot\org\springframework\boot\spring-boot-starter-web\2.1.5.RELEASE\spring-boot-starter-web-2.1.5.RELEASE.jar;D:\reponsitory_boot\org\springframework\boot\spring-boot-starter\2.1.5.RELEASE\spring-boot-starter-2.1.5.RELEASE.jar;D:\reponsitory_boot\org\springframework\boot\spring-boot\2.1.5.RELEASE\spring-boot-2.1.5.RELEASE.jar;D:\reponsitory_boot\org\springframework\boot\spring-boot-starter-logging\2.1.5.RELEASE\spring-boot-starter-logging-2.1.5.RELEASE.jar;D:\reponsitory_boot\ch\qos\logback\logback-classic\1.2.3\logback-classic-1.2.3.jar;D:\reponsitory_boot\ch\qos\logback\logback-core\1.2.3\logback-core-1.2.3.jar;D:\reponsitory_boot\org\apache\logging\log4j\log4j-to-slf4j\2.11.2\log4j-to-slf4j-2.11.2.jar;D:\reponsitory_boot\org\apache\logging\log4j\log4j-api\2.11.2\log4j-api-2.11.2.jar;D:\reponsitory_boot\org\slf4j\jul-to-slf4j\1.7.26\jul-to-slf4j-1.7.26.jar;D:\reponsitory_boot\javax\annotation\javax.annotation-api\1.3.2\javax.annotation-api-1.3.2.jar;D:\reponsitory_boot\org\yaml\snakeyaml\1.23\snakeyaml-1.23.jar;D:\reponsitory_boot\org\springframework\boot\spring-boot-starter-json\2.1.5.RELEASE\spring-boot-starter-json-2.1.5.RELEASE.jar;D:\reponsitory_boot\com\fasterxml\jackson\datatype\jackson-datatype-jdk8\2.9.8\jackson-datatype-jdk8-2.9.8.jar;D:\reponsitory_boot\com\fasterxml\jackson\datatype\jackson-datatype-jsr310\2.9.8\jackson-datatype-jsr310-2.9.8.jar;D:\reponsitory_boot\com\fasterxml\jackson\module\jackson-module-parameter-names\2.9.8\jackson-module-parameter-names-2.9.8.jar;D:\reponsitory_boot\org\springframework\boot\spring-boot-starter-tomcat\2.1.5.RELEASE\spring-boot-starter-tomcat-2.1.5.RELEASE.jar;D:\reponsitory_boot\org\apache\tomcat\embed\tomcat-embed-core\9.0.19\tomcat-embed-core-9.0.19.jar;D:\reponsitory_boot\org\apache\tomcat\embed\tomcat-embed-el\9.0.19\tomcat-embed-el-9.0.19.jar;D:\reponsitory_boot\org\apache\tomcat\embed\tomcat-embed-websocket\9.0.19\tomcat-embed-websocket-9.0.19.jar;D:\reponsitory_boot\org\hibernate\validator\hibernate-validator\6.0.16.Final\hibernate-validator-6.0.16.Final.jar;D:\reponsitory_boot\javax\validation\validation-api\2.0.1.Final\validation-api-2.0.1.Final.jar;D:\reponsitory_boot\org\jboss\logging\jboss-logging\3.3.2.Final\jboss-logging-3.3.2.Final.jar;D:\reponsitory_boot\com\fasterxml\classmate\1.4.0\classmate-1.4.0.jar;D:\reponsitory_boot\org\springframework\spring-web\5.1.7.RELEASE\spring-web-5.1.7.RELEASE.jar;D:\reponsitory_boot\org\springframework\spring-beans\5.1.7.RELEASE\spring-beans-5.1.7.RELEASE.jar;D:\reponsitory_boot\org\springframework\spring-webmvc\5.1.7.RELEASE\spring-webmvc-5.1.7.RELEASE.jar;D:\reponsitory_boot\org\springframework\spring-aop\5.1.7.RELEASE\spring-aop-5.1.7.RELEASE.jar;D:\reponsitory_boot\org\springframework\spring-context\5.1.7.RELEASE\spring-context-5.1.7.RELEASE.jar;D:\reponsitory_boot\org\springframework\spring-expression\5.1.7.RELEASE\spring-expression-5.1.7.RELEASE.jar;D:\reponsitory_boot\org\projectlombok\lombok\1.18.8\lombok-1.18.8.jar;D:\reponsitory_boot\org\springframework\boot\spring-boot-starter-test\2.1.5.RELEASE\spring-boot-starter-test-2.1.5.RELEASE.jar;D:\reponsitory_boot\org\springframework\boot\spring-boot-test\2.1.5.RELEASE\spring-boot-test-2.1.5.RELEASE.jar;D:\reponsitory_boot\org\springframework\boot\spring-boot-test-autoconfigure\2.1.5.RELEASE\spring-boot-test-autoconfigure-2.1.5.RELEASE.jar;D:\reponsitory_boot\com\jayway\jsonpath\json-path\2.4.0\json-path-2.4.0.jar;D:\reponsitory_boot\net\minidev\json-smart\2.3\json-smart-2.3.jar;D:\reponsitory_boot\net\minidev\accessors-smart\1.2\accessors-smart-1.2.jar;D:\reponsitory_boot\org\assertj\assertj-core\3.11.1\assertj-core-3.11.1.jar;D:\reponsitory_boot\org\mockito\mockito-core\2.23.4\mockito-core-2.23.4.jar;D:\reponsitory_boot\net\bytebuddy\byte-buddy\1.9.12\byte-buddy-1.9.12.jar;D:\reponsitory_boot\net\bytebuddy\byte-buddy-agent\1.9.12\byte-buddy-agent-1.9.12.jar;D:\reponsitory_boot\org\objenesis\objenesis\2.6\objenesis-2.6.jar;D:\reponsitory_boot\org\hamcrest\hamcrest-core\1.3\hamcrest-core-1.3.jar;D:\reponsitory_boot\org\hamcrest\hamcrest-library\1.3\hamcrest-library-1.3.jar;D:\reponsitory_boot\org\skyscreamer\jsonassert\1.5.0\jsonassert-1.5.0.jar;D:\reponsitory_boot\com\vaadin\external\google\android-json\0.0.20131108.vaadin1\android-json-0.0.20131108.vaadin1.jar;D:\reponsitory_boot\org\springframework\spring-core\5.1.7.RELEASE\spring-core-5.1.7.RELEASE.jar;D:\reponsitory_boot\org\springframework\spring-jcl\5.1.7.RELEASE\spring-jcl-5.1.7.RELEASE.jar;D:\reponsitory_boot\org\springframework\spring-test\5.1.7.RELEASE\spring-test-5.1.7.RELEASE.jar;D:\reponsitory_boot\org\xmlunit\xmlunit-core\2.6.2\xmlunit-core-2.6.2.jar;D:\reponsitory_boot\junit\junit\4.11\junit-4.11.jar;"/>
    <property name="sun.cpu.endian" value="little"/>
    <property name="user.home" value="C:\Users\zkcus"/>
    <property name="user.language" value="zh"/>
    <property name="java.specification.vendor" value="Oracle Corporation"/>
    <property name="java.home" value="C:\Program Files\Java\jdk1.8.0_281\jre"/>
    <property name="basedir" value="E:\h3c-demo\hystrix-demo\order-service"/>
    <property name="file.separator" value="\"/>
    <property name="line.separator" value="&#10;"/>
    <property name="java.vm.specification.vendor" value="Oracle Corporation"/>
    <property name="java.specification.name" value="Java Platform API Specification"/>
    <property name="java.awt.graphicsenv" value="sun.awt.Win32GraphicsEnvironment"/>
    <property name="surefire.real.class.path" value="C:\Users\zkcus\AppData\Local\Temp\surefire5630361278394181596\surefirebooter58070723965962067.jar"/>
    <property name="sun.boot.class.path" value="C:\Program Files\Java\jdk1.8.0_281\jre\lib\resources.jar;C:\Program Files\Java\jdk1.8.0_281\jre\lib\rt.jar;C:\Program Files\Java\jdk1.8.0_281\jre\lib\sunrsasign.jar;C:\Program Files\Java\jdk1.8.0_281\jre\lib\jsse.jar;C:\Program Files\Java\jdk1.8.0_281\jre\lib\jce.jar;C:\Program Files\Java\jdk1.8.0_281\jre\lib\charsets.jar;C:\Program Files\Java\jdk1.8.0_281\jre\lib\jfr.jar;C:\Program Files\Java\jdk1.8.0_281\jre\classes"/>
    <property name="user.script" value=""/>
    <property name="sun.management.compiler" value="HotSpot 64-Bit Tiered Compilers"/>
    <property name="java.runtime.version" value="1.8.0_281-b09"/>
    <property name="user.name" value="zkcus"/>
    <property name="path.separator" value=";"/>
    <property name="os.version" value="10.0"/>
    <property name="java.endorsed.dirs" value="C:\Program Files\Java\jdk1.8.0_281\jre\lib\endorsed"/>
    <property name="java.runtime.name" value="Java(TM) SE Runtime Environment"/>
    <property name="file.encoding" value="GBK"/>
    <property name="java.vm.name" value="Java HotSpot(TM) 64-Bit Server VM"/>
    <property name="localRepository" value="D:\reponsitory_boot"/>
    <property name="java.vendor.url.bug" value="http://bugreport.sun.com/bugreport/"/>
    <property name="java.io.tmpdir" value="C:\Users\zkcus\AppData\Local\Temp\"/>
    <property name="java.version" value="1.8.0_281"/>
    <property name="user.dir" value="E:\h3c-demo\hystrix-demo\order-service"/>
    <property name="os.arch" value="amd64"/>
    <property name="java.vm.specification.name" value="Java Virtual Machine Specification"/>
    <property name="java.awt.printerjob" value="sun.awt.windows.WPrinterJob"/>
    <property name="sun.os.patch.level" value=""/>
    <property name="java.library.path" value="C:\Program Files\Java\jdk1.8.0_281\jre\bin;C:\WINDOWS\Sun\Java\bin;C:\WINDOWS\system32;C:\WINDOWS;C:\Program Files (x86)\Common Files\Oracle\Java\javapath;D:\soft\Vmware\bin\;C:\Windows\system32;C:\Windows;C:\Windows\System32\Wbem;C:\Windows\System32\WindowsPowerShell\v1.0\;C:\Windows\System32\OpenSSH\;C:\Program Files (x86)\NVIDIA Corporation\PhysX\Common;C:\Program Files\NVIDIA Corporation\NVIDIA NvDLISR;D:\soft\git\Git\cmd;C:\Program Files\Java\jdk1.8.0_281\bin;C:\Program Files\Java\jdk1.8.0_281\jre\bin;D:\soft\maven\apache-maven-3.6.3\bin;D:\soft\nodejs\;C:\WINDOWS\system32;C:\WINDOWS;C:\WINDOWS\System32\Wbem;C:\WINDOWS\System32\WindowsPowerShell\v1.0\;C:\WINDOWS\System32\OpenSSH\;C:\Users\zkcus\AppData\Local\Microsoft\WindowsApps;;D:\soft\vscode\Microsoft VS Code\bin;C:\Users\zkcus\AppData\Roaming\npm;D:\soft\Bandizip\;."/>
    <property name="java.vm.info" value="mixed mode"/>
    <property name="java.vendor" value="Oracle Corporation"/>
    <property name="java.vm.version" value="25.281-b09"/>
    <property name="java.ext.dirs" value="C:\Program Files\Java\jdk1.8.0_281\jre\lib\ext;C:\WINDOWS\Sun\Java\lib\ext"/>
    <property name="sun.io.unicode.encoding" value="UnicodeLittle"/>
    <property name="java.class.version" value="52.0"/>
  </properties>
  <testcase name="shouldAnswerWithTrue" classname="com.example.AppTest" time="0.001"/>
</testsuite>